INFO [2019-12-27 22:55:11] [[1]]
INFO [2019-12-27 22:55:11] x
INFO [2019-12-27 22:55:11] 
INFO [2019-12-27 22:55:11] $lwd
INFO [2019-12-27 22:55:11] [1] 3
INFO [2019-12-27 22:55:11] 
INFO [2019-12-27 22:55:11] $height
INFO [2019-12-27 22:55:11] [1] 9000
INFO [2019-12-27 22:55:11] 
INFO [2019-12-27 22:55:11] $width
INFO [2019-12-27 22:55:11] [1] 9000
INFO [2019-12-27 22:55:11] 
INFO [2019-12-27 22:55:11] $col
INFO [2019-12-27 22:55:11] c("red", "green", "orange", "blue")
INFO [2019-12-27 22:55:11] 
INFO [2019-12-27 22:55:11] $fill
INFO [2019-12-27 22:55:11] c("red", "blue", "green", "orange")
INFO [2019-12-27 22:55:11] 
INFO [2019-12-27 22:55:11] $alpha
INFO [2019-12-27 22:55:11] [1] 0.5
INFO [2019-12-27 22:55:11] 
INFO [2019-12-27 22:55:11] $filename
INFO [2019-12-27 22:55:11] NULL
INFO [2019-12-27 22:55:11] 
