INFO [2019-12-27 22:52:48] [[1]]
INFO [2019-12-27 22:52:48] x
INFO [2019-12-27 22:52:48] 
INFO [2019-12-27 22:52:48] $lwd
INFO [2019-12-27 22:52:48] [1] 3
INFO [2019-12-27 22:52:48] 
INFO [2019-12-27 22:52:48] $height
INFO [2019-12-27 22:52:48] [1] 9000
INFO [2019-12-27 22:52:48] 
INFO [2019-12-27 22:52:48] $width
INFO [2019-12-27 22:52:48] [1] 9000
INFO [2019-12-27 22:52:48] 
INFO [2019-12-27 22:52:48] $col
INFO [2019-12-27 22:52:48] c("red", "green", "orange", "blue")
INFO [2019-12-27 22:52:48] 
INFO [2019-12-27 22:52:48] $fill
INFO [2019-12-27 22:52:48] c("red", "blue", "green", "orange")
INFO [2019-12-27 22:52:48] 
INFO [2019-12-27 22:52:48] $alpha
INFO [2019-12-27 22:52:48] [1] 0.5
INFO [2019-12-27 22:52:48] 
INFO [2019-12-27 22:52:48] $filename
INFO [2019-12-27 22:52:48] NULL
INFO [2019-12-27 22:52:48] 
