INFO [2019-12-27 22:08:50] [[1]]
INFO [2019-12-27 22:08:50] x
INFO [2019-12-27 22:08:50] 
INFO [2019-12-27 22:08:50] $lwd
INFO [2019-12-27 22:08:50] [1] 3
INFO [2019-12-27 22:08:50] 
INFO [2019-12-27 22:08:50] $height
INFO [2019-12-27 22:08:50] [1] 9000
INFO [2019-12-27 22:08:50] 
INFO [2019-12-27 22:08:50] $width
INFO [2019-12-27 22:08:50] [1] 9000
INFO [2019-12-27 22:08:50] 
INFO [2019-12-27 22:08:50] $col
INFO [2019-12-27 22:08:50] c("red", "green", "orange", "blue")
INFO [2019-12-27 22:08:50] 
INFO [2019-12-27 22:08:50] $fill
INFO [2019-12-27 22:08:50] c("red", "blue", "green", "orange")
INFO [2019-12-27 22:08:50] 
INFO [2019-12-27 22:08:50] $alpha
INFO [2019-12-27 22:08:50] [1] 0.5
INFO [2019-12-27 22:08:50] 
INFO [2019-12-27 22:08:50] $filename
INFO [2019-12-27 22:08:50] NULL
INFO [2019-12-27 22:08:50] 
