INFO [2019-12-27 22:56:28] [[1]]
INFO [2019-12-27 22:56:28] x
INFO [2019-12-27 22:56:28] 
INFO [2019-12-27 22:56:28] $lwd
INFO [2019-12-27 22:56:28] [1] 3
INFO [2019-12-27 22:56:28] 
INFO [2019-12-27 22:56:28] $height
INFO [2019-12-27 22:56:28] [1] 9000
INFO [2019-12-27 22:56:28] 
INFO [2019-12-27 22:56:28] $width
INFO [2019-12-27 22:56:28] [1] 9000
INFO [2019-12-27 22:56:28] 
INFO [2019-12-27 22:56:28] $col
INFO [2019-12-27 22:56:28] c("red", "green", "orange", "blue")
INFO [2019-12-27 22:56:28] 
INFO [2019-12-27 22:56:28] $fill
INFO [2019-12-27 22:56:28] c("red", "blue", "green", "orange")
INFO [2019-12-27 22:56:28] 
INFO [2019-12-27 22:56:28] $alpha
INFO [2019-12-27 22:56:28] [1] 0.5
INFO [2019-12-27 22:56:28] 
INFO [2019-12-27 22:56:28] $filename
INFO [2019-12-27 22:56:28] NULL
INFO [2019-12-27 22:56:28] 
