INFO [2019-12-27 22:53:21] [[1]]
INFO [2019-12-27 22:53:21] x
INFO [2019-12-27 22:53:21] 
INFO [2019-12-27 22:53:21] $lwd
INFO [2019-12-27 22:53:21] [1] 3
INFO [2019-12-27 22:53:21] 
INFO [2019-12-27 22:53:21] $height
INFO [2019-12-27 22:53:21] [1] 9000
INFO [2019-12-27 22:53:21] 
INFO [2019-12-27 22:53:21] $width
INFO [2019-12-27 22:53:21] [1] 9000
INFO [2019-12-27 22:53:21] 
INFO [2019-12-27 22:53:21] $col
INFO [2019-12-27 22:53:21] c("red", "green", "orange", "blue")
INFO [2019-12-27 22:53:21] 
INFO [2019-12-27 22:53:21] $fill
INFO [2019-12-27 22:53:21] c("red", "blue", "green", "orange")
INFO [2019-12-27 22:53:21] 
INFO [2019-12-27 22:53:21] $alpha
INFO [2019-12-27 22:53:21] [1] 0.5
INFO [2019-12-27 22:53:21] 
INFO [2019-12-27 22:53:21] $filename
INFO [2019-12-27 22:53:21] NULL
INFO [2019-12-27 22:53:21] 
