INFO [2019-12-27 22:09:45] [[1]]
INFO [2019-12-27 22:09:45] x
INFO [2019-12-27 22:09:45] 
INFO [2019-12-27 22:09:45] $lwd
INFO [2019-12-27 22:09:45] [1] 3
INFO [2019-12-27 22:09:45] 
INFO [2019-12-27 22:09:45] $height
INFO [2019-12-27 22:09:45] [1] 9000
INFO [2019-12-27 22:09:45] 
INFO [2019-12-27 22:09:45] $width
INFO [2019-12-27 22:09:45] [1] 9000
INFO [2019-12-27 22:09:45] 
INFO [2019-12-27 22:09:45] $col
INFO [2019-12-27 22:09:45] c("red", "green", "orange", "blue")
INFO [2019-12-27 22:09:45] 
INFO [2019-12-27 22:09:45] $fill
INFO [2019-12-27 22:09:45] c("red", "blue", "green", "orange")
INFO [2019-12-27 22:09:45] 
INFO [2019-12-27 22:09:45] $alpha
INFO [2019-12-27 22:09:45] [1] 0.5
INFO [2019-12-27 22:09:45] 
INFO [2019-12-27 22:09:45] $filename
INFO [2019-12-27 22:09:45] NULL
INFO [2019-12-27 22:09:45] 
