INFO [2019-12-27 23:22:21] [[1]]
INFO [2019-12-27 23:22:21] x
INFO [2019-12-27 23:22:21] 
INFO [2019-12-27 23:22:21] $height
INFO [2019-12-27 23:22:21] [1] 9000
INFO [2019-12-27 23:22:21] 
INFO [2019-12-27 23:22:21] $width
INFO [2019-12-27 23:22:21] [1] 9000
INFO [2019-12-27 23:22:21] 
INFO [2019-12-27 23:22:21] $col
INFO [2019-12-27 23:22:21] c("red", "blue", "green", "yellow")
INFO [2019-12-27 23:22:21] 
INFO [2019-12-27 23:22:21] $fill
INFO [2019-12-27 23:22:21] c("red", "blue", "green", "yellow")
INFO [2019-12-27 23:22:21] 
INFO [2019-12-27 23:22:21] $alpha
INFO [2019-12-27 23:22:21] [1] 0.5
INFO [2019-12-27 23:22:21] 
INFO [2019-12-27 23:22:21] $filename
INFO [2019-12-27 23:22:21] NULL
INFO [2019-12-27 23:22:21] 
