INFO [2019-12-27 22:56:00] [[1]]
INFO [2019-12-27 22:56:00] x
INFO [2019-12-27 22:56:00] 
INFO [2019-12-27 22:56:00] $lwd
INFO [2019-12-27 22:56:00] [1] 3
INFO [2019-12-27 22:56:00] 
INFO [2019-12-27 22:56:00] $height
INFO [2019-12-27 22:56:00] [1] 9000
INFO [2019-12-27 22:56:00] 
INFO [2019-12-27 22:56:00] $width
INFO [2019-12-27 22:56:00] [1] 9000
INFO [2019-12-27 22:56:00] 
INFO [2019-12-27 22:56:00] $col
INFO [2019-12-27 22:56:00] c("red", "green", "orange", "blue")
INFO [2019-12-27 22:56:00] 
INFO [2019-12-27 22:56:00] $fill
INFO [2019-12-27 22:56:00] c("red", "blue", "green", "orange")
INFO [2019-12-27 22:56:00] 
INFO [2019-12-27 22:56:00] $alpha
INFO [2019-12-27 22:56:00] [1] 0.5
INFO [2019-12-27 22:56:00] 
INFO [2019-12-27 22:56:00] $filename
INFO [2019-12-27 22:56:00] NULL
INFO [2019-12-27 22:56:00] 
