INFO [2019-12-27 23:07:19] [[1]]
INFO [2019-12-27 23:07:19] x
INFO [2019-12-27 23:07:19] 
INFO [2019-12-27 23:07:19] $lwd
INFO [2019-12-27 23:07:19] [1] 3
INFO [2019-12-27 23:07:19] 
INFO [2019-12-27 23:07:19] $height
INFO [2019-12-27 23:07:19] [1] 9000
INFO [2019-12-27 23:07:19] 
INFO [2019-12-27 23:07:19] $width
INFO [2019-12-27 23:07:19] [1] 9000
INFO [2019-12-27 23:07:19] 
INFO [2019-12-27 23:07:19] $col
INFO [2019-12-27 23:07:19] c("red", "green", "orange", "blue")
INFO [2019-12-27 23:07:19] 
INFO [2019-12-27 23:07:19] $fill
INFO [2019-12-27 23:07:19] c("red", "blue", "green", "orange")
INFO [2019-12-27 23:07:19] 
INFO [2019-12-27 23:07:19] $alpha
INFO [2019-12-27 23:07:19] [1] 0.5
INFO [2019-12-27 23:07:19] 
INFO [2019-12-27 23:07:19] $filename
INFO [2019-12-27 23:07:19] NULL
INFO [2019-12-27 23:07:19] 
