INFO [2019-12-27 23:15:20] [[1]]
INFO [2019-12-27 23:15:20] x
INFO [2019-12-27 23:15:20] 
INFO [2019-12-27 23:15:20] $lwd
INFO [2019-12-27 23:15:20] [1] 3
INFO [2019-12-27 23:15:20] 
INFO [2019-12-27 23:15:20] $height
INFO [2019-12-27 23:15:20] [1] 9000
INFO [2019-12-27 23:15:20] 
INFO [2019-12-27 23:15:20] $width
INFO [2019-12-27 23:15:20] [1] 9000
INFO [2019-12-27 23:15:20] 
INFO [2019-12-27 23:15:20] $col
INFO [2019-12-27 23:15:20] c("red", "green", "orange", "blue")
INFO [2019-12-27 23:15:20] 
INFO [2019-12-27 23:15:20] $fill
INFO [2019-12-27 23:15:20] c("red", "blue", "green", "orange")
INFO [2019-12-27 23:15:20] 
INFO [2019-12-27 23:15:20] $alpha
INFO [2019-12-27 23:15:20] [1] 0.5
INFO [2019-12-27 23:15:20] 
INFO [2019-12-27 23:15:20] $filename
INFO [2019-12-27 23:15:20] NULL
INFO [2019-12-27 23:15:20] 
