INFO [2019-12-27 22:51:39] [[1]]
INFO [2019-12-27 22:51:39] x
INFO [2019-12-27 22:51:39] 
INFO [2019-12-27 22:51:39] $lwd
INFO [2019-12-27 22:51:39] [1] 3
INFO [2019-12-27 22:51:39] 
INFO [2019-12-27 22:51:39] $height
INFO [2019-12-27 22:51:39] [1] 9000
INFO [2019-12-27 22:51:39] 
INFO [2019-12-27 22:51:39] $width
INFO [2019-12-27 22:51:39] [1] 9000
INFO [2019-12-27 22:51:39] 
INFO [2019-12-27 22:51:39] $col
INFO [2019-12-27 22:51:39] c("red", "green", "orange", "blue")
INFO [2019-12-27 22:51:39] 
INFO [2019-12-27 22:51:39] $fill
INFO [2019-12-27 22:51:39] c("red", "blue", "green", "orange")
INFO [2019-12-27 22:51:39] 
INFO [2019-12-27 22:51:39] $alpha
INFO [2019-12-27 22:51:39] [1] 0.5
INFO [2019-12-27 22:51:39] 
INFO [2019-12-27 22:51:39] $filename
INFO [2019-12-27 22:51:39] NULL
INFO [2019-12-27 22:51:39] 
