INFO [2019-12-27 23:12:49] [[1]]
INFO [2019-12-27 23:12:49] x
INFO [2019-12-27 23:12:49] 
INFO [2019-12-27 23:12:49] $lwd
INFO [2019-12-27 23:12:49] [1] 3
INFO [2019-12-27 23:12:49] 
INFO [2019-12-27 23:12:49] $height
INFO [2019-12-27 23:12:49] [1] 9000
INFO [2019-12-27 23:12:49] 
INFO [2019-12-27 23:12:49] $width
INFO [2019-12-27 23:12:49] [1] 9000
INFO [2019-12-27 23:12:49] 
INFO [2019-12-27 23:12:49] $col
INFO [2019-12-27 23:12:49] c("red", "green", "orange", "blue")
INFO [2019-12-27 23:12:49] 
INFO [2019-12-27 23:12:49] $fill
INFO [2019-12-27 23:12:49] c("red", "blue", "green", "orange")
INFO [2019-12-27 23:12:49] 
INFO [2019-12-27 23:12:49] $alpha
INFO [2019-12-27 23:12:49] [1] 0.5
INFO [2019-12-27 23:12:49] 
INFO [2019-12-27 23:12:49] $filename
INFO [2019-12-27 23:12:49] NULL
INFO [2019-12-27 23:12:49] 
