INFO [2019-12-27 22:11:16] [[1]]
INFO [2019-12-27 22:11:16] x
INFO [2019-12-27 22:11:16] 
INFO [2019-12-27 22:11:16] $lwd
INFO [2019-12-27 22:11:16] [1] 3
INFO [2019-12-27 22:11:16] 
INFO [2019-12-27 22:11:16] $height
INFO [2019-12-27 22:11:16] [1] 9000
INFO [2019-12-27 22:11:16] 
INFO [2019-12-27 22:11:16] $width
INFO [2019-12-27 22:11:16] [1] 9000
INFO [2019-12-27 22:11:16] 
INFO [2019-12-27 22:11:16] $col
INFO [2019-12-27 22:11:16] c("red", "green", "orange", "blue")
INFO [2019-12-27 22:11:16] 
INFO [2019-12-27 22:11:16] $fill
INFO [2019-12-27 22:11:16] c("red", "blue", "green", "orange")
INFO [2019-12-27 22:11:16] 
INFO [2019-12-27 22:11:16] $alpha
INFO [2019-12-27 22:11:16] [1] 0.5
INFO [2019-12-27 22:11:16] 
INFO [2019-12-27 22:11:16] $filename
INFO [2019-12-27 22:11:16] NULL
INFO [2019-12-27 22:11:16] 
