INFO [2019-12-27 23:14:07] [[1]]
INFO [2019-12-27 23:14:07] x
INFO [2019-12-27 23:14:07] 
INFO [2019-12-27 23:14:07] $lwd
INFO [2019-12-27 23:14:07] [1] 3
INFO [2019-12-27 23:14:07] 
INFO [2019-12-27 23:14:07] $height
INFO [2019-12-27 23:14:07] [1] 9000
INFO [2019-12-27 23:14:07] 
INFO [2019-12-27 23:14:07] $width
INFO [2019-12-27 23:14:07] [1] 9000
INFO [2019-12-27 23:14:07] 
INFO [2019-12-27 23:14:07] $col
INFO [2019-12-27 23:14:07] c("red", "green", "orange", "blue")
INFO [2019-12-27 23:14:07] 
INFO [2019-12-27 23:14:07] $fill
INFO [2019-12-27 23:14:07] c("red", "blue", "green", "orange")
INFO [2019-12-27 23:14:07] 
INFO [2019-12-27 23:14:07] $alpha
INFO [2019-12-27 23:14:07] [1] 0.5
INFO [2019-12-27 23:14:07] 
INFO [2019-12-27 23:14:07] $filename
INFO [2019-12-27 23:14:07] NULL
INFO [2019-12-27 23:14:07] 
