INFO [2019-12-27 23:18:23] [[1]]
INFO [2019-12-27 23:18:23] x
INFO [2019-12-27 23:18:23] 
INFO [2019-12-27 23:18:23] $lwd
INFO [2019-12-27 23:18:23] [1] 3
INFO [2019-12-27 23:18:23] 
INFO [2019-12-27 23:18:23] $height
INFO [2019-12-27 23:18:23] [1] 9000
INFO [2019-12-27 23:18:23] 
INFO [2019-12-27 23:18:23] $width
INFO [2019-12-27 23:18:23] [1] 9000
INFO [2019-12-27 23:18:23] 
INFO [2019-12-27 23:18:23] $fill
INFO [2019-12-27 23:18:23] c("red", "blue", "green", "orange")
INFO [2019-12-27 23:18:23] 
INFO [2019-12-27 23:18:23] $alpha
INFO [2019-12-27 23:18:23] [1] 0.5
INFO [2019-12-27 23:18:23] 
INFO [2019-12-27 23:18:23] $filename
INFO [2019-12-27 23:18:23] NULL
INFO [2019-12-27 23:18:23] 
