INFO [2019-12-27 21:53:58] [[1]]
INFO [2019-12-27 21:53:58] x
INFO [2019-12-27 21:53:58] 
INFO [2019-12-27 21:53:58] $lwd
INFO [2019-12-27 21:53:58] [1] 3
INFO [2019-12-27 21:53:58] 
INFO [2019-12-27 21:53:58] $height
INFO [2019-12-27 21:53:58] [1] 5000
INFO [2019-12-27 21:53:58] 
INFO [2019-12-27 21:53:58] $width
INFO [2019-12-27 21:53:58] [1] 5000
INFO [2019-12-27 21:53:58] 
INFO [2019-12-27 21:53:58] $col
INFO [2019-12-27 21:53:58] c("red", "green", "orange", "blue")
INFO [2019-12-27 21:53:58] 
INFO [2019-12-27 21:53:58] $fill
INFO [2019-12-27 21:53:58] c("red", "blue", "green", "orange")
INFO [2019-12-27 21:53:58] 
INFO [2019-12-27 21:53:58] $alpha
INFO [2019-12-27 21:53:58] [1] 0.5
INFO [2019-12-27 21:53:58] 
INFO [2019-12-27 21:53:58] $filename
INFO [2019-12-27 21:53:58] NULL
INFO [2019-12-27 21:53:58] 
