INFO [2019-12-27 23:01:10] [[1]]
INFO [2019-12-27 23:01:10] x
INFO [2019-12-27 23:01:10] 
INFO [2019-12-27 23:01:10] $lwd
INFO [2019-12-27 23:01:10] [1] 3
INFO [2019-12-27 23:01:10] 
INFO [2019-12-27 23:01:10] $height
INFO [2019-12-27 23:01:10] [1] 9000
INFO [2019-12-27 23:01:10] 
INFO [2019-12-27 23:01:10] $width
INFO [2019-12-27 23:01:10] [1] 9000
INFO [2019-12-27 23:01:10] 
INFO [2019-12-27 23:01:10] $col
INFO [2019-12-27 23:01:10] c("red", "green", "orange", "blue")
INFO [2019-12-27 23:01:10] 
INFO [2019-12-27 23:01:10] $fill
INFO [2019-12-27 23:01:10] c("red", "blue", "green", "orange")
INFO [2019-12-27 23:01:10] 
INFO [2019-12-27 23:01:10] $alpha
INFO [2019-12-27 23:01:10] [1] 0.5
INFO [2019-12-27 23:01:10] 
INFO [2019-12-27 23:01:10] $filename
INFO [2019-12-27 23:01:10] NULL
INFO [2019-12-27 23:01:10] 
