INFO [2019-12-27 23:19:08] [[1]]
INFO [2019-12-27 23:19:08] x
INFO [2019-12-27 23:19:08] 
INFO [2019-12-27 23:19:08] $height
INFO [2019-12-27 23:19:08] [1] 9000
INFO [2019-12-27 23:19:08] 
INFO [2019-12-27 23:19:08] $width
INFO [2019-12-27 23:19:08] [1] 9000
INFO [2019-12-27 23:19:08] 
INFO [2019-12-27 23:19:08] $fill
INFO [2019-12-27 23:19:08] c("red", "blue", "green", "orange")
INFO [2019-12-27 23:19:08] 
INFO [2019-12-27 23:19:08] $alpha
INFO [2019-12-27 23:19:08] [1] 0.5
INFO [2019-12-27 23:19:08] 
INFO [2019-12-27 23:19:08] $col
INFO [2019-12-27 23:19:08] [1] "transparent"
INFO [2019-12-27 23:19:08] 
INFO [2019-12-27 23:19:08] $filename
INFO [2019-12-27 23:19:08] NULL
INFO [2019-12-27 23:19:08] 
