INFO [2019-12-27 23:06:35] [[1]]
INFO [2019-12-27 23:06:35] x
INFO [2019-12-27 23:06:35] 
INFO [2019-12-27 23:06:35] $lwd
INFO [2019-12-27 23:06:35] [1] 3
INFO [2019-12-27 23:06:35] 
INFO [2019-12-27 23:06:35] $height
INFO [2019-12-27 23:06:35] [1] 9000
INFO [2019-12-27 23:06:35] 
INFO [2019-12-27 23:06:35] $width
INFO [2019-12-27 23:06:35] [1] 9000
INFO [2019-12-27 23:06:35] 
INFO [2019-12-27 23:06:35] $col
INFO [2019-12-27 23:06:35] c("red", "green", "orange", "blue")
INFO [2019-12-27 23:06:35] 
INFO [2019-12-27 23:06:35] $fill
INFO [2019-12-27 23:06:35] c("red", "blue", "green", "orange")
INFO [2019-12-27 23:06:35] 
INFO [2019-12-27 23:06:35] $alpha
INFO [2019-12-27 23:06:35] [1] 0.5
INFO [2019-12-27 23:06:35] 
INFO [2019-12-27 23:06:35] $filename
INFO [2019-12-27 23:06:35] NULL
INFO [2019-12-27 23:06:35] 
