INFO [2019-12-27 21:54:34] [[1]]
INFO [2019-12-27 21:54:34] x
INFO [2019-12-27 21:54:34] 
INFO [2019-12-27 21:54:34] $lwd
INFO [2019-12-27 21:54:34] [1] 3
INFO [2019-12-27 21:54:34] 
INFO [2019-12-27 21:54:34] $height
INFO [2019-12-27 21:54:34] [1] 9000
INFO [2019-12-27 21:54:34] 
INFO [2019-12-27 21:54:34] $width
INFO [2019-12-27 21:54:34] [1] 9000
INFO [2019-12-27 21:54:34] 
INFO [2019-12-27 21:54:34] $col
INFO [2019-12-27 21:54:34] c("red", "green", "orange", "blue")
INFO [2019-12-27 21:54:34] 
INFO [2019-12-27 21:54:34] $fill
INFO [2019-12-27 21:54:34] c("red", "blue", "green", "orange")
INFO [2019-12-27 21:54:34] 
INFO [2019-12-27 21:54:34] $alpha
INFO [2019-12-27 21:54:34] [1] 0.5
INFO [2019-12-27 21:54:34] 
INFO [2019-12-27 21:54:34] $filename
INFO [2019-12-27 21:54:34] NULL
INFO [2019-12-27 21:54:34] 
