INFO [2019-12-27 22:10:12] [[1]]
INFO [2019-12-27 22:10:12] x
INFO [2019-12-27 22:10:12] 
INFO [2019-12-27 22:10:12] $lwd
INFO [2019-12-27 22:10:12] [1] 3
INFO [2019-12-27 22:10:12] 
INFO [2019-12-27 22:10:12] $height
INFO [2019-12-27 22:10:12] [1] 9000
INFO [2019-12-27 22:10:12] 
INFO [2019-12-27 22:10:12] $width
INFO [2019-12-27 22:10:12] [1] 9000
INFO [2019-12-27 22:10:12] 
INFO [2019-12-27 22:10:12] $col
INFO [2019-12-27 22:10:12] c("red", "green", "orange", "blue")
INFO [2019-12-27 22:10:12] 
INFO [2019-12-27 22:10:12] $fill
INFO [2019-12-27 22:10:12] c("red", "blue", "green", "orange")
INFO [2019-12-27 22:10:12] 
INFO [2019-12-27 22:10:12] $alpha
INFO [2019-12-27 22:10:12] [1] 0.5
INFO [2019-12-27 22:10:12] 
INFO [2019-12-27 22:10:12] $filename
INFO [2019-12-27 22:10:12] NULL
INFO [2019-12-27 22:10:12] 
