INFO [2019-12-27 23:19:47] [[1]]
INFO [2019-12-27 23:19:47] x
INFO [2019-12-27 23:19:47] 
INFO [2019-12-27 23:19:47] $height
INFO [2019-12-27 23:19:47] [1] 9000
INFO [2019-12-27 23:19:47] 
INFO [2019-12-27 23:19:47] $width
INFO [2019-12-27 23:19:47] [1] 9000
INFO [2019-12-27 23:19:47] 
INFO [2019-12-27 23:19:47] $col
INFO [2019-12-27 23:19:47] c("red", "blue", "green", "yellow")
INFO [2019-12-27 23:19:47] 
INFO [2019-12-27 23:19:47] $fill
INFO [2019-12-27 23:19:47] c("red", "blue", "green", "yellow")
INFO [2019-12-27 23:19:47] 
INFO [2019-12-27 23:19:47] $alpha
INFO [2019-12-27 23:19:47] [1] 0.5
INFO [2019-12-27 23:19:47] 
INFO [2019-12-27 23:19:47] $filename
INFO [2019-12-27 23:19:47] NULL
INFO [2019-12-27 23:19:47] 
