INFO [2019-12-27 23:02:22] [[1]]
INFO [2019-12-27 23:02:22] x
INFO [2019-12-27 23:02:22] 
INFO [2019-12-27 23:02:22] $lwd
INFO [2019-12-27 23:02:22] [1] 3
INFO [2019-12-27 23:02:22] 
INFO [2019-12-27 23:02:22] $height
INFO [2019-12-27 23:02:22] [1] 9000
INFO [2019-12-27 23:02:22] 
INFO [2019-12-27 23:02:22] $width
INFO [2019-12-27 23:02:22] [1] 9000
INFO [2019-12-27 23:02:22] 
INFO [2019-12-27 23:02:22] $col
INFO [2019-12-27 23:02:22] c("red", "green", "orange", "blue")
INFO [2019-12-27 23:02:22] 
INFO [2019-12-27 23:02:22] $fill
INFO [2019-12-27 23:02:22] c("red", "blue", "green", "orange")
INFO [2019-12-27 23:02:22] 
INFO [2019-12-27 23:02:22] $alpha
INFO [2019-12-27 23:02:22] [1] 0.5
INFO [2019-12-27 23:02:22] 
INFO [2019-12-27 23:02:22] $filename
INFO [2019-12-27 23:02:22] NULL
INFO [2019-12-27 23:02:22] 
