INFO [2019-12-27 23:21:48] [[1]]
INFO [2019-12-27 23:21:48] x
INFO [2019-12-27 23:21:48] 
INFO [2019-12-27 23:21:48] $height
INFO [2019-12-27 23:21:48] [1] 9000
INFO [2019-12-27 23:21:48] 
INFO [2019-12-27 23:21:48] $width
INFO [2019-12-27 23:21:48] [1] 9000
INFO [2019-12-27 23:21:48] 
INFO [2019-12-27 23:21:48] $col
INFO [2019-12-27 23:21:48] c("red", "blue", "green", "yellow")
INFO [2019-12-27 23:21:48] 
INFO [2019-12-27 23:21:48] $fill
INFO [2019-12-27 23:21:48] c("red", "blue", "green", "yellow")
INFO [2019-12-27 23:21:48] 
INFO [2019-12-27 23:21:48] $alpha
INFO [2019-12-27 23:21:48] [1] 0.5
INFO [2019-12-27 23:21:48] 
INFO [2019-12-27 23:21:48] $filename
INFO [2019-12-27 23:21:48] NULL
INFO [2019-12-27 23:21:48] 
