INFO [2019-12-27 23:21:44] [[1]]
INFO [2019-12-27 23:21:44] x
INFO [2019-12-27 23:21:44] 
INFO [2019-12-27 23:21:44] $height
INFO [2019-12-27 23:21:44] [1] 9000
INFO [2019-12-27 23:21:44] 
INFO [2019-12-27 23:21:44] $width
INFO [2019-12-27 23:21:44] [1] 9000
INFO [2019-12-27 23:21:44] 
INFO [2019-12-27 23:21:44] $col
INFO [2019-12-27 23:21:44] c("red", "blue", "green", "yellow")
INFO [2019-12-27 23:21:44] 
INFO [2019-12-27 23:21:44] $fill
INFO [2019-12-27 23:21:44] c("red", "blue", "green", "yellow")
INFO [2019-12-27 23:21:44] 
INFO [2019-12-27 23:21:44] $alpha
INFO [2019-12-27 23:21:44] [1] 0.5
INFO [2019-12-27 23:21:44] 
INFO [2019-12-27 23:21:44] $filename
INFO [2019-12-27 23:21:44] NULL
INFO [2019-12-27 23:21:44] 
