INFO [2019-12-27 23:13:15] [[1]]
INFO [2019-12-27 23:13:15] x
INFO [2019-12-27 23:13:15] 
INFO [2019-12-27 23:13:15] $lwd
INFO [2019-12-27 23:13:15] [1] 3
INFO [2019-12-27 23:13:15] 
INFO [2019-12-27 23:13:15] $height
INFO [2019-12-27 23:13:15] [1] 9000
INFO [2019-12-27 23:13:15] 
INFO [2019-12-27 23:13:15] $width
INFO [2019-12-27 23:13:15] [1] 9000
INFO [2019-12-27 23:13:15] 
INFO [2019-12-27 23:13:15] $col
INFO [2019-12-27 23:13:15] c("red", "green", "orange", "blue")
INFO [2019-12-27 23:13:15] 
INFO [2019-12-27 23:13:15] $fill
INFO [2019-12-27 23:13:15] c("red", "blue", "green", "orange")
INFO [2019-12-27 23:13:15] 
INFO [2019-12-27 23:13:15] $alpha
INFO [2019-12-27 23:13:15] [1] 0.5
INFO [2019-12-27 23:13:15] 
INFO [2019-12-27 23:13:15] $filename
INFO [2019-12-27 23:13:15] NULL
INFO [2019-12-27 23:13:15] 
