INFO [2019-12-27 23:13:32] [[1]]
INFO [2019-12-27 23:13:32] x
INFO [2019-12-27 23:13:32] 
INFO [2019-12-27 23:13:32] $lwd
INFO [2019-12-27 23:13:32] [1] 3
INFO [2019-12-27 23:13:32] 
INFO [2019-12-27 23:13:32] $height
INFO [2019-12-27 23:13:32] [1] 9000
INFO [2019-12-27 23:13:32] 
INFO [2019-12-27 23:13:32] $width
INFO [2019-12-27 23:13:32] [1] 9000
INFO [2019-12-27 23:13:32] 
INFO [2019-12-27 23:13:32] $col
INFO [2019-12-27 23:13:32] c("red", "green", "orange", "blue")
INFO [2019-12-27 23:13:32] 
INFO [2019-12-27 23:13:32] $fill
INFO [2019-12-27 23:13:32] c("red", "blue", "green", "orange")
INFO [2019-12-27 23:13:32] 
INFO [2019-12-27 23:13:32] $alpha
INFO [2019-12-27 23:13:32] [1] 0.5
INFO [2019-12-27 23:13:32] 
INFO [2019-12-27 23:13:32] $filename
INFO [2019-12-27 23:13:32] NULL
INFO [2019-12-27 23:13:32] 
